{"level":"info","message":"Listening on port 3001","timestamp":"2019-04-11T22:53:01.901Z"}
{"level":"info","message":"Running in environment: development","timestamp":"2019-04-11T22:53:01.902Z"}
{"level":"info","message":"Private server Key: jwtTokenToChange","timestamp":"2019-04-11T22:53:01.902Z"}
{"level":"info","message":"Mongo URL: mongodb://localhost/hangmann","timestamp":"2019-04-11T22:53:01.902Z"}
{"level":"info","message":"Connected to database: mongodb://localhost/hangmann with mongoDB server ...","timestamp":"2019-04-11T22:53:01.920Z"}
{"level":"info","message":"Checking if mongodb://localhost/hangmann has any collection ...","timestamp":"2019-04-11T22:53:01.921Z"}
{"level":"info","message":"Collection exists, quotes not added","timestamp":"2019-04-11T22:53:02.321Z"}
{"level":"info","message":"Listening on port 3001","timestamp":"2019-04-11T22:55:05.988Z"}
{"level":"info","message":"Running in environment: development","timestamp":"2019-04-11T22:55:05.988Z"}
{"level":"info","message":"Private server Key: jwtTokenToChange","timestamp":"2019-04-11T22:55:05.988Z"}
{"level":"info","message":"Mongo URL: mongodb://localhost/hangmann","timestamp":"2019-04-11T22:55:05.988Z"}
{"level":"info","message":"Connected to database: mongodb://localhost/hangmann with mongoDB server ...","timestamp":"2019-04-11T22:55:06.005Z"}
{"level":"info","message":"Checking if mongodb://localhost/hangmann has any collection ...","timestamp":"2019-04-11T22:55:06.005Z"}
{"level":"info","message":"Collection exists, quotes not added","timestamp":"2019-04-11T22:55:06.412Z"}
{"level":"info","message":"Listening on port 3001","timestamp":"2019-04-11T22:57:01.249Z"}
{"level":"info","message":"Running in environment: development","timestamp":"2019-04-11T22:57:01.249Z"}
{"level":"info","message":"Private server Key: jwtTokenToChange","timestamp":"2019-04-11T22:57:01.250Z"}
{"level":"info","message":"Mongo URL: mongodb://localhost/hangmann","timestamp":"2019-04-11T22:57:01.250Z"}
{"level":"info","message":"Connected to database: mongodb://localhost/hangmann with mongoDB server ...","timestamp":"2019-04-11T22:57:01.268Z"}
{"level":"info","message":"Checking if mongodb://localhost/hangmann has any collection ...","timestamp":"2019-04-11T22:57:01.269Z"}
{"level":"info","message":"Collection exists, quotes not added","timestamp":"2019-04-11T22:57:01.697Z"}
{"level":"info","message":"Listening on port 3001","timestamp":"2019-04-11T22:58:31.565Z"}
{"level":"info","message":"Running in environment: development","timestamp":"2019-04-11T22:58:31.565Z"}
{"level":"info","message":"Private server Key: jwtTokenToChange","timestamp":"2019-04-11T22:58:31.565Z"}
{"level":"info","message":"Mongo URL: mongodb://localhost/hangmann","timestamp":"2019-04-11T22:58:31.565Z"}
{"level":"info","message":"Connected to database: mongodb://localhost/hangmann with mongoDB server ...","timestamp":"2019-04-11T22:58:31.580Z"}
{"level":"info","message":"Checking if mongodb://localhost/hangmann has any collection ...","timestamp":"2019-04-11T22:58:31.580Z"}
{"level":"info","message":"Collection exists, quotes not added","timestamp":"2019-04-11T22:58:31.986Z"}
{"level":"info","message":"Listening on port 3001","timestamp":"2019-04-11T22:58:52.169Z"}
{"level":"info","message":"Running in environment: development","timestamp":"2019-04-11T22:58:52.170Z"}
{"level":"info","message":"Private server Key: jwtTokenToChange","timestamp":"2019-04-11T22:58:52.170Z"}
{"level":"info","message":"Mongo URL: mongodb://localhost/hangmann","timestamp":"2019-04-11T22:58:52.170Z"}
{"level":"info","message":"Connected to database: mongodb://localhost/hangmann with mongoDB server ...","timestamp":"2019-04-11T22:58:52.185Z"}
{"level":"info","message":"Checking if mongodb://localhost/hangmann has any collection ...","timestamp":"2019-04-11T22:58:52.185Z"}
{"level":"info","message":"Collection exists, quotes not added","timestamp":"2019-04-11T22:58:52.602Z"}
{"level":"info","message":"Listening on port 3001","timestamp":"2019-04-11T23:00:44.410Z"}
{"level":"info","message":"Running in environment: development","timestamp":"2019-04-11T23:00:44.411Z"}
{"level":"info","message":"Private server Key: jwtTokenToChange","timestamp":"2019-04-11T23:00:44.411Z"}
{"level":"info","message":"Mongo URL: mongodb://localhost/hangmann","timestamp":"2019-04-11T23:00:44.411Z"}
{"level":"info","message":"Connected to database: mongodb://localhost/hangmann with mongoDB server ...","timestamp":"2019-04-11T23:00:44.426Z"}
{"level":"info","message":"Checking if mongodb://localhost/hangmann has any collection ...","timestamp":"2019-04-11T23:00:44.427Z"}
{"level":"info","message":"Collection exists, quotes not added","timestamp":"2019-04-11T23:00:44.828Z"}
{"level":"info","message":"Listening on port 3001","timestamp":"2019-04-11T23:01:02.137Z"}
{"level":"info","message":"Running in environment: development","timestamp":"2019-04-11T23:01:02.138Z"}
{"level":"info","message":"Private server Key: jwtTokenToChange","timestamp":"2019-04-11T23:01:02.138Z"}
{"level":"info","message":"Mongo URL: mongodb://localhost/hangmann","timestamp":"2019-04-11T23:01:02.138Z"}
{"level":"info","message":"Connected to database: mongodb://localhost/hangmann with mongoDB server ...","timestamp":"2019-04-11T23:01:02.155Z"}
{"level":"info","message":"Checking if mongodb://localhost/hangmann has any collection ...","timestamp":"2019-04-11T23:01:02.156Z"}
{"level":"info","message":"Collection exists, quotes not added","timestamp":"2019-04-11T23:01:02.541Z"}
{"level":"info","message":"Listening on port 3001","timestamp":"2019-04-11T23:01:23.546Z"}
{"level":"info","message":"Running in environment: development","timestamp":"2019-04-11T23:01:23.546Z"}
{"level":"info","message":"Private server Key: jwtTokenToChange","timestamp":"2019-04-11T23:01:23.546Z"}
{"level":"info","message":"Mongo URL: mongodb://localhost/hangmann","timestamp":"2019-04-11T23:01:23.546Z"}
{"level":"info","message":"Connected to database: mongodb://localhost/hangmann with mongoDB server ...","timestamp":"2019-04-11T23:01:23.561Z"}
{"level":"info","message":"Checking if mongodb://localhost/hangmann has any collection ...","timestamp":"2019-04-11T23:01:23.562Z"}
{"level":"info","message":"Collection exists, quotes not added","timestamp":"2019-04-11T23:01:23.994Z"}
{"level":"info","message":"Listening on port 3001","timestamp":"2019-04-11T23:02:43.498Z"}
{"level":"info","message":"Running in environment: development","timestamp":"2019-04-11T23:02:43.498Z"}
{"level":"info","message":"Private server Key: jwtTokenToChange","timestamp":"2019-04-11T23:02:43.498Z"}
{"level":"info","message":"Mongo URL: mongodb://localhost/hangmann","timestamp":"2019-04-11T23:02:43.498Z"}
{"level":"info","message":"Connected to database: mongodb://localhost/hangmann with mongoDB server ...","timestamp":"2019-04-11T23:02:43.514Z"}
{"level":"info","message":"Checking if mongodb://localhost/hangmann has any collection ...","timestamp":"2019-04-11T23:02:43.514Z"}
{"level":"info","message":"Collection exists, quotes not added","timestamp":"2019-04-11T23:02:43.916Z"}
{"level":"info","message":"Listening on port 3001","timestamp":"2019-04-11T23:03:15.695Z"}
{"level":"info","message":"Running in environment: development","timestamp":"2019-04-11T23:03:15.696Z"}
{"level":"info","message":"Private server Key: jwtTokenToChange","timestamp":"2019-04-11T23:03:15.696Z"}
{"level":"info","message":"Mongo URL: mongodb://localhost/hangmann","timestamp":"2019-04-11T23:03:15.696Z"}
{"level":"info","message":"Connected to database: mongodb://localhost/hangmann with mongoDB server ...","timestamp":"2019-04-11T23:03:15.712Z"}
{"level":"info","message":"Checking if mongodb://localhost/hangmann has any collection ...","timestamp":"2019-04-11T23:03:15.712Z"}
{"level":"info","message":"Collection exists, quotes not added","timestamp":"2019-04-11T23:03:16.107Z"}
